<?xml version="1.0" encoding="UTF-8"?>
<!-- Generated by org.testng.reporters.JUnitReportReporter -->
<testsuite hostname="LAPTOP-2S3H863K" failures="0" tests="2" name="org.ecommerce.testRunner.TestNGRunner" time="21.968" errors="0" timestamp="2023-09-18T01:53:02 IST" skipped="0">
  <testcase classname="org.ecommerce.testRunner.TestNGRunner" name="runScenario" time="12.597"/>
  <testcase classname="org.ecommerce.testRunner.TestNGRunner" name="runScenario" time="9.371"/>
</testsuite> <!-- org.ecommerce.testRunner.TestNGRunner -->
